Trying:
    encode('SOS')
Expecting:
    '... --- ...'
ok
Trying:
    encode('PYTHON')
Expecting:
    '.--. -.-- - .... --- -.'
ok
Trying:
    encode('42')
Expecting:
    '....- ..---'
ok
Trying:
    encode(42)
Expecting:
    Traceback (most recent call last):
    TypeError: 'int' object is not iterable
ok
Trying:
    encode()
Expecting:
    Traceback (most recent call last):
    TypeError: encode() missing 1 required positional argument: 'message'
ok
1 items had no tests:
    test_encode
1 items passed all tests:
   5 tests in test_encode.encode
5 tests in 2 items.
5 passed and 0 failed.
Test passed.
